2025-02-24 18:11:21,936 - INFO - Successfully processed dataset abalone8
2025-02-24 18:11:21,939 - INFO - Successfully processed dataset abalone17
2025-02-24 18:11:21,942 - INFO - Successfully processed dataset autompg
2025-02-24 18:11:21,946 - INFO - Successfully processed dataset australian
2025-02-24 18:11:21,947 - INFO - Successfully processed dataset balance
2025-02-24 18:11:21,948 - INFO - Successfully processed dataset bupa
2025-02-24 18:11:21,950 - INFO - Successfully processed dataset german
2025-02-24 18:11:21,952 - INFO - Successfully processed dataset glass
2025-02-24 18:11:21,952 - INFO - Successfully processed dataset hayes
2025-02-24 18:11:21,954 - INFO - Successfully processed dataset heart
2025-02-24 18:11:21,955 - INFO - Successfully processed dataset iono
2025-02-24 18:11:21,958 - INFO - Successfully processed dataset libras
2025-02-24 18:11:21,959 - INFO - Successfully processed dataset newthyroid
2025-02-24 18:11:21,964 - INFO - Successfully processed dataset pageblocks
2025-02-24 18:11:21,967 - INFO - Successfully processed dataset pima
2025-02-24 18:11:21,986 - INFO - Successfully processed dataset segmentation
2025-02-24 18:11:21,991 - INFO - Successfully processed dataset sonar
2025-02-24 18:11:22,076 - INFO - Successfully processed dataset spambase
2025-02-24 18:11:22,127 - INFO - Successfully processed dataset splice
2025-02-24 18:11:22,133 - INFO - Successfully processed dataset vehicle
2025-02-24 18:11:22,139 - INFO - Successfully processed dataset wdbc
2025-02-24 18:11:22,140 - INFO - Successfully processed dataset wine
2025-02-24 18:11:22,142 - INFO - Successfully processed dataset wine4
2025-02-24 18:11:22,144 - INFO - Successfully processed dataset yeast3
2025-02-24 18:11:22,146 - INFO - Successfully processed dataset yeast6
2025-02-24 18:14:52,230 - ERROR - Erreur sur glass avec train_adaboost: BaseClassifier in AdaBoostClassifier ensemble is worse than random, ensemble can not be fit.
2025-02-24 18:14:52,719 - ERROR - Erreur sur bupa avec train_adaboost: BaseClassifier in AdaBoostClassifier ensemble is worse than random, ensemble can not be fit.
2025-02-24 18:30:22,110 - INFO - Successfully processed dataset abalone8
2025-02-24 18:30:22,114 - INFO - Successfully processed dataset abalone17
2025-02-24 18:30:22,115 - INFO - Successfully processed dataset autompg
2025-02-24 18:30:22,119 - INFO - Successfully processed dataset australian
2025-02-24 18:30:22,120 - INFO - Successfully processed dataset balance
2025-02-24 18:30:22,121 - INFO - Successfully processed dataset bupa
2025-02-24 18:30:22,123 - INFO - Successfully processed dataset german
2025-02-24 18:30:22,124 - INFO - Successfully processed dataset glass
2025-02-24 18:30:22,125 - INFO - Successfully processed dataset hayes
2025-02-24 18:30:22,126 - INFO - Successfully processed dataset heart
2025-02-24 18:30:22,128 - INFO - Successfully processed dataset iono
2025-02-24 18:30:22,130 - INFO - Successfully processed dataset libras
2025-02-24 18:30:22,131 - INFO - Successfully processed dataset newthyroid
2025-02-24 18:30:22,135 - INFO - Successfully processed dataset pageblocks
2025-02-24 18:30:22,138 - INFO - Successfully processed dataset pima
2025-02-24 18:30:22,157 - INFO - Successfully processed dataset segmentation
2025-02-24 18:30:22,162 - INFO - Successfully processed dataset sonar
2025-02-24 18:30:22,248 - INFO - Successfully processed dataset spambase
2025-02-24 18:30:22,302 - INFO - Successfully processed dataset splice
2025-02-24 18:30:22,309 - INFO - Successfully processed dataset vehicle
2025-02-24 18:30:22,315 - INFO - Successfully processed dataset wdbc
2025-02-24 18:30:22,316 - INFO - Successfully processed dataset wine
2025-02-24 18:30:22,318 - INFO - Successfully processed dataset wine4
2025-02-24 18:30:22,320 - INFO - Successfully processed dataset yeast3
2025-02-24 18:30:22,322 - INFO - Successfully processed dataset yeast6
2025-02-24 18:33:50,064 - ERROR - Erreur sur glass avec train_adaboost: BaseClassifier in AdaBoostClassifier ensemble is worse than random, ensemble can not be fit.
2025-02-24 18:33:50,485 - ERROR - Erreur sur bupa avec train_adaboost: BaseClassifier in AdaBoostClassifier ensemble is worse than random, ensemble can not be fit.
2025-02-24 19:30:33,083 - INFO - Successfully processed dataset abalone8
2025-02-24 19:30:33,086 - INFO - Successfully processed dataset abalone17
2025-02-24 19:30:33,088 - INFO - Successfully processed dataset autompg
2025-02-24 19:30:33,092 - INFO - Successfully processed dataset australian
2025-02-24 19:30:33,093 - INFO - Successfully processed dataset balance
2025-02-24 19:30:33,094 - INFO - Successfully processed dataset bupa
2025-02-24 19:30:33,096 - INFO - Successfully processed dataset german
2025-02-24 19:30:33,097 - INFO - Successfully processed dataset glass
2025-02-24 19:30:33,098 - INFO - Successfully processed dataset hayes
2025-02-24 19:30:33,099 - INFO - Successfully processed dataset heart
2025-02-24 19:30:33,101 - INFO - Successfully processed dataset iono
2025-02-24 19:30:33,103 - INFO - Successfully processed dataset libras
2025-02-24 19:30:33,104 - INFO - Successfully processed dataset newthyroid
2025-02-24 19:30:33,108 - INFO - Successfully processed dataset pageblocks
2025-02-24 19:30:33,111 - INFO - Successfully processed dataset pima
2025-02-24 19:30:33,129 - INFO - Successfully processed dataset segmentation
2025-02-24 19:30:33,134 - INFO - Successfully processed dataset sonar
2025-02-24 19:30:33,219 - INFO - Successfully processed dataset spambase
2025-02-24 19:30:33,271 - INFO - Successfully processed dataset splice
2025-02-24 19:30:33,277 - INFO - Successfully processed dataset vehicle
2025-02-24 19:30:33,284 - INFO - Successfully processed dataset wdbc
2025-02-24 19:30:33,285 - INFO - Successfully processed dataset wine
2025-02-24 19:30:33,287 - INFO - Successfully processed dataset wine4
2025-02-24 19:30:33,289 - INFO - Successfully processed dataset yeast3
2025-02-24 19:30:33,290 - INFO - Successfully processed dataset yeast6
2025-03-01 18:39:28,086 - INFO - Successfully processed dataset abalone8
2025-03-01 18:39:28,095 - INFO - Successfully processed dataset abalone17
2025-03-01 18:39:28,103 - INFO - Successfully processed dataset autompg
2025-03-01 18:39:28,113 - INFO - Successfully processed dataset australian
2025-03-01 18:39:28,115 - INFO - Successfully processed dataset balance
2025-03-01 18:39:28,117 - INFO - Successfully processed dataset bupa
2025-03-01 18:39:28,128 - INFO - Successfully processed dataset german
2025-03-01 18:39:28,133 - INFO - Successfully processed dataset glass
2025-03-01 18:39:28,134 - INFO - Successfully processed dataset hayes
2025-03-01 18:39:28,139 - INFO - Successfully processed dataset heart
2025-03-01 18:39:28,143 - INFO - Successfully processed dataset iono
2025-03-01 18:39:28,153 - INFO - Successfully processed dataset libras
2025-03-01 18:39:28,154 - INFO - Successfully processed dataset newthyroid
2025-03-01 18:39:28,182 - INFO - Successfully processed dataset pageblocks
2025-03-01 18:39:28,189 - INFO - Successfully processed dataset pima
2025-03-01 18:39:28,233 - INFO - Successfully processed dataset segmentation
2025-03-01 18:39:28,244 - INFO - Successfully processed dataset sonar
2025-03-01 18:39:28,455 - INFO - Successfully processed dataset spambase
2025-03-01 18:39:28,595 - INFO - Successfully processed dataset splice
2025-03-01 18:39:28,610 - INFO - Successfully processed dataset vehicle
2025-03-01 18:39:28,626 - INFO - Successfully processed dataset wdbc
2025-03-01 18:39:28,628 - INFO - Successfully processed dataset wine
2025-03-01 18:39:28,642 - INFO - Successfully processed dataset wine4
2025-03-01 18:39:28,650 - INFO - Successfully processed dataset yeast3
2025-03-01 18:39:28,659 - INFO - Successfully processed dataset yeast6
2025-03-01 18:50:32,564 - ERROR - Erreur sur glass avec train_adaboost: BaseClassifier in AdaBoostClassifier ensemble is worse than random, ensemble can not be fit.
2025-03-01 18:50:34,649 - ERROR - Erreur sur bupa avec train_adaboost: BaseClassifier in AdaBoostClassifier ensemble is worse than random, ensemble can not be fit.
